<?xml version="1.0" encoding="UTF-8"?>
<!-- Generated by org.testng.reporters.JUnitXMLReporter -->
<testsuite ignored="0" hostname="DESKTOP-0QFFCOH" failures="6" tests="6" name="Regression" time="65.824" errors="0" timestamp="2022-10-04T19:38:39 EDT">
  <testcase classname="com.salesforce.test.tests.AutomationScripts" name="loginwithvalidCredentials02" time="4.937">
    <failure type="java.lang.AssertionError" message="expected [null] but found [Home]">
      <![CDATA[java.lang.AssertionError: expected [null] but found [Home]
at com.salesforce.test.tests.AutomationScripts.loginwithvalidCredentials02(AutomationScripts.java:32)
at java.base/java.util.ArrayList.forEach(ArrayList.java:1511)
... Removed 33 stack frames]]>
    </failure>
  </testcase> <!-- loginwithvalidCredentials02 -->
  <testcase classname="com.salesforce.test.tests.AutomationScripts" name="loginErrorMessage01" time="1.355">
    <failure type="java.lang.AssertionError" message="expected [null] but found [Please enter your password.]">
      <![CDATA[java.lang.AssertionError: expected [null] but found [Please enter your password.]
at com.salesforce.test.tests.AutomationScripts.loginErrorMessage01(AutomationScripts.java:48)
at java.base/java.util.ArrayList.forEach(ArrayList.java:1511)
... Removed 33 stack frames]]>
    </failure>
  </testcase> <!-- loginErrorMessage01 -->
  <testcase classname="com.salesforce.test.tests.AutomationScripts" name="checkRememberMe03" time="8.352">
    <failure type="java.lang.AssertionError" message="expected [null] but found [helentesting@tekarch.com]">
      <![CDATA[java.lang.AssertionError: expected [null] but found [helentesting@tekarch.com]
at com.salesforce.test.tests.AutomationScripts.checkRememberMe03(AutomationScripts.java:66)
at java.base/java.util.ArrayList.forEach(ArrayList.java:1511)
... Removed 33 stack frames]]>
    </failure>
  </testcase> <!-- checkRememberMe03 -->
  <testcase classname="com.salesforce.test.tests.AutomationScripts" name="forgotPassword4A" time="1.308">
    <failure type="java.lang.AssertionError" message="expected [null] but found [Check Your Email]">
      <![CDATA[java.lang.AssertionError: expected [null] but found [Check Your Email]
at com.salesforce.test.tests.AutomationScripts.forgotPassword4A(AutomationScripts.java:83)
at java.base/java.util.ArrayList.forEach(ArrayList.java:1511)
... Removed 33 stack frames]]>
    </failure>
  </testcase> <!-- forgotPassword4A -->
  <testcase classname="com.salesforce.test.tests.AutomationScripts" name="wrongCredential4B" time="0.15">
    <failure type="java.lang.IllegalArgumentException" message="Keys to send should be a not null CharSequence">
      <![CDATA[java.lang.IllegalArgumentException: Keys to send should be a not null CharSequence
at org.openqa.selenium.remote.RemoteWebElement.sendKeys(RemoteWebElement.java:98)
at org.openqa.selenium.support.pagefactory.internal.LocatingElementHandler.invoke(LocatingElementHandler.java:52)
at jdk.proxy2/jdk.proxy2.$Proxy34.sendKeys(Unknown Source)
at com.salesforce.test.pages.base.BasePage.enterText(BasePage.java:52)
at com.salesforce.test.pages.login.LoginPage.enterUserName(LoginPage.java:27)
at com.salesforce.test.pages.login.LoginPage.login(LoginPage.java:43)
at com.salesforce.test.tests.AutomationScripts.wrongCredential4B(AutomationScripts.java:94)
at java.base/java.util.ArrayList.forEach(ArrayList.java:1511)
... Removed 31 stack frames]]>
    </failure>
  </testcase> <!-- wrongCredential4B -->
  <testcase classname="com.salesforce.test.tests.AutomationScripts" name="logoutFromSalesForce" time="5.306">
    <failure type="java.lang.AssertionError" message="expected [null] but found [https://tekarch-11d-dev-ed.develop.my.salesforce.com/secur/logout.jsp]">
      <![CDATA[java.lang.AssertionError: expected [null] but found [https://tekarch-11d-dev-ed.develop.my.salesforce.com/secur/logout.jsp]
at com.salesforce.test.tests.AutomationScripts.logoutFromSalesForce(AutomationScripts.java:119)
at java.base/java.util.ArrayList.forEach(ArrayList.java:1511)
... Removed 33 stack frames]]>
    </failure>
  </testcase> <!-- logoutFromSalesForce -->
</testsuite> <!-- Regression -->
