<!DOCTYPE html PUBLIC "-//W3C//DTD XHTML 1.1//EN" "https://www.w3.org/TR/xhtml11/DTD/xhtml11.dtd">
<html xmlns="https://www.w3.org/1999/xhtml">
<head>
<meta http-equiv="content-type" content="text/html; charset=UTF-8"/>
<title>TestNG Report</title>
<style type="text/css">table {margin-bottom:10px;border-collapse:collapse;empty-cells:show}th,td {border:1px solid #009;padding:.25em .5em}th {vertical-align:bottom}td {vertical-align:top}table a {font-weight:bold}.stripe td {background-color: #E6EBF9}.num {text-align:right}.passedodd td {background-color: #3F3}.passedeven td {background-color: #0A0}.skippedodd td {background-color: #DDD}.skippedeven td {background-color: #CCC}.failedodd td,.attn {background-color: #F33}.failedeven td,.stripe .attn {background-color: #D00}.stacktrace {white-space:pre;font-family:monospace}.totop {font-size:85%;text-align:center;border-bottom:2px solid #000}.invisible {display:none}</style>
</head>
<body>
<table>
<tr><th>Test</th><th># Passed</th><th># Skipped</th><th># Retried</th><th># Failed</th><th>Time (ms)</th><th>Included Groups</th><th>Excluded Groups</th></tr>
<tr><th colspan="8">Suite</th></tr>
<tr><td><a href="#t0">Regression</a></td><td class="num">0</td><td class="num">0</td><td class="num">0</td><td class="num attn">6</td><td class="num">65,824</td><td></td><td></td></tr>
</table>
<table id='summary'><thead><tr><th>Class</th><th>Method</th><th>Start</th><th>Time (ms)</th></tr></thead><tbody><tr><th colspan="4">Suite</th></tr></tbody><tbody id="t0"><tr><th colspan="4">Regression &#8212; failed</th></tr><tr class="failedeven"><td rowspan="6">com.salesforce.test.tests.AutomationScripts</td><td><a href="#m0">checkRememberMe03</a></td><td rowspan="1">1664926680850</td><td rowspan="1">8352</td></tr><tr class="failedeven"><td><a href="#m1">forgotPassword4A</a></td><td rowspan="1">1664926696266</td><td rowspan="1">1308</td></tr><tr class="failedeven"><td><a href="#m2">loginErrorMessage01</a></td><td rowspan="1">1664926672621</td><td rowspan="1">1355</td></tr><tr class="failedeven"><td><a href="#m3">loginwithvalidCredentials02</a></td><td rowspan="1">1664926660808</td><td rowspan="1">4937</td></tr><tr class="failedeven"><td><a href="#m4">logoutFromSalesForce</a></td><td rowspan="1">1664926711293</td><td rowspan="1">5306</td></tr><tr class="failedeven"><td><a href="#m5">wrongCredential4B</a></td><td rowspan="1">1664926704528</td><td rowspan="1">150</td></tr></tbody>
</table>
<h2>Regression</h2><h3 id="m0">com.salesforce.test.tests.AutomationScripts#checkRememberMe03</h3><table class="result"><tr><th>Exception</th></tr><tr><td><div class="stacktrace">java.lang.AssertionError: expected [null] but found [helentesting@tekarch.com]
	at com.salesforce.test.tests.AutomationScripts.checkRememberMe03(AutomationScripts.java:66)
	at java.base/java.util.ArrayList.forEach(ArrayList.java:1511)
... Removed 33 stack frames</div></td></tr></table><p class="totop"><a href="#summary">back to summary</a></p>
<h3 id="m1">com.salesforce.test.tests.AutomationScripts#forgotPassword4A</h3><table class="result"><tr><th>Exception</th></tr><tr><td><div class="stacktrace">java.lang.AssertionError: expected [null] but found [Check Your Email]
	at com.salesforce.test.tests.AutomationScripts.forgotPassword4A(AutomationScripts.java:83)
	at java.base/java.util.ArrayList.forEach(ArrayList.java:1511)
... Removed 33 stack frames</div></td></tr></table><p class="totop"><a href="#summary">back to summary</a></p>
<h3 id="m2">com.salesforce.test.tests.AutomationScripts#loginErrorMessage01</h3><table class="result"><tr><th>Exception</th></tr><tr><td><div class="stacktrace">java.lang.AssertionError: expected [null] but found [Please enter your password.]
	at com.salesforce.test.tests.AutomationScripts.loginErrorMessage01(AutomationScripts.java:48)
	at java.base/java.util.ArrayList.forEach(ArrayList.java:1511)
... Removed 33 stack frames</div></td></tr></table><p class="totop"><a href="#summary">back to summary</a></p>
<h3 id="m3">com.salesforce.test.tests.AutomationScripts#loginwithvalidCredentials02</h3><table class="result"><tr><th>Exception</th></tr><tr><td><div class="stacktrace">java.lang.AssertionError: expected [null] but found [Home]
	at com.salesforce.test.tests.AutomationScripts.loginwithvalidCredentials02(AutomationScripts.java:32)
	at java.base/java.util.ArrayList.forEach(ArrayList.java:1511)
... Removed 33 stack frames</div></td></tr></table><p class="totop"><a href="#summary">back to summary</a></p>
<h3 id="m4">com.salesforce.test.tests.AutomationScripts#logoutFromSalesForce</h3><table class="result"><tr><th>Exception</th></tr><tr><td><div class="stacktrace">java.lang.AssertionError: expected [null] but found [https://tekarch-11d-dev-ed.develop.my.salesforce.com/secur/logout.jsp]
	at com.salesforce.test.tests.AutomationScripts.logoutFromSalesForce(AutomationScripts.java:119)
	at java.base/java.util.ArrayList.forEach(ArrayList.java:1511)
... Removed 33 stack frames</div></td></tr></table><p class="totop"><a href="#summary">back to summary</a></p>
<h3 id="m5">com.salesforce.test.tests.AutomationScripts#wrongCredential4B</h3><table class="result"><tr><th>Exception</th></tr><tr><td><div class="stacktrace">java.lang.IllegalArgumentException: Keys to send should be a not null CharSequence
	at org.openqa.selenium.remote.RemoteWebElement.sendKeys(RemoteWebElement.java:98)
	at org.openqa.selenium.support.pagefactory.internal.LocatingElementHandler.invoke(LocatingElementHandler.java:52)
	at jdk.proxy2/jdk.proxy2.$Proxy34.sendKeys(Unknown Source)
	at com.salesforce.test.pages.base.BasePage.enterText(BasePage.java:52)
	at com.salesforce.test.pages.login.LoginPage.enterUserName(LoginPage.java:27)
	at com.salesforce.test.pages.login.LoginPage.login(LoginPage.java:43)
	at com.salesforce.test.tests.AutomationScripts.wrongCredential4B(AutomationScripts.java:94)
	at java.base/java.util.ArrayList.forEach(ArrayList.java:1511)
... Removed 31 stack frames</div></td></tr></table><p class="totop"><a href="#summary">back to summary</a></p>
</body>
</html>
